2018-03-31 15:08:27 Error: [PDOException] SQLSTATE[HY000] [1045] Access denied for user 'my_app'@'localhost' (using password: YES) in /opt/lampp/htdocs/CakePHP3.5-Session/cms/vendor/cakephp/cakephp/src/Database/Driver/PDODriverTrait.php on line 48
Stack Trace:
#0 /opt/lampp/htdocs/CakePHP3.5-Session/cms/vendor/cakephp/cakephp/src/Database/Driver/PDODriverTrait.php(48): PDO->__construct('mysql:host=loca...', 'my_app', 'secret', Array)
#1 /opt/lampp/htdocs/CakePHP3.5-Session/cms/vendor/cakephp/cakephp/src/Database/Driver/Mysql.php(104): Cake\Database\Driver\Mysql->_connect('mysql:host=loca...', Array)
#2 /opt/lampp/htdocs/CakePHP3.5-Session/cms/vendor/cakephp/cakephp/src/Database/Schema/BaseSchema.php(45): Cake\Database\Driver\Mysql->connect()
#3 /opt/lampp/htdocs/CakePHP3.5-Session/cms/vendor/cakephp/cakephp/src/Database/Dialect/MysqlDialectTrait.php(63): Cake\Database\Schema\BaseSchema->__construct(Object(Cake\Database\Driver\Mysql))
#4 /opt/lampp/htdocs/CakePHP3.5-Session/cms/vendor/cakephp/cakephp/src/Database/Schema/Collection.php(52): Cake\Database\Driver\Mysql->schemaDialect()
#5 /opt/lampp/htdocs/CakePHP3.5-Session/cms/vendor/cakephp/cakephp/src/Database/Schema/CachedCollection.php(42): Cake\Database\Schema\Collection->__construct(Object(Cake\Database\Connection))
#6 /opt/lampp/htdocs/CakePHP3.5-Session/cms/vendor/cakephp/cakephp/src/Database/Connection.php(369): Cake\Database\Schema\CachedCollection->__construct(Object(Cake\Database\Connection), true)
#7 /opt/lampp/htdocs/CakePHP3.5-Session/cms/vendor/cakephp/cakephp/src/Database/Connection.php(388): Cake\Database\Connection->getSchemaCollection()
#8 /opt/lampp/htdocs/CakePHP3.5-Session/cms/vendor/cakephp/bake/src/Shell/Task/ModelTask.php(1034): Cake\Database\Connection->schemaCollection()
#9 /opt/lampp/htdocs/CakePHP3.5-Session/cms/vendor/cakephp/bake/src/Shell/Task/ModelTask.php(988): Bake\Shell\Task\ModelTask->_getAllTables()
#10 /opt/lampp/htdocs/CakePHP3.5-Session/cms/vendor/cakephp/bake/src/Shell/Task/ModelTask.php(1003): Bake\Shell\Task\ModelTask->listAll()
#11 /opt/lampp/htdocs/CakePHP3.5-Session/cms/vendor/cakephp/bake/src/Shell/Task/ControllerTask.php(258): Bake\Shell\Task\ModelTask->listUnskipped()
#12 /opt/lampp/htdocs/CakePHP3.5-Session/cms/vendor/cakephp/bake/src/Shell/Task/ControllerTask.php(61): Bake\Shell\Task\ControllerTask->listAll()
#13 /opt/lampp/htdocs/CakePHP3.5-Session/cms/vendor/cakephp/cakephp/src/Console/Shell.php(507): Bake\Shell\Task\ControllerTask->main()
#14 /opt/lampp/htdocs/CakePHP3.5-Session/cms/vendor/cakephp/cakephp/src/Console/Shell.php(500): Cake\Console\Shell->runCommand(Array, false, Array)
#15 /opt/lampp/htdocs/CakePHP3.5-Session/cms/vendor/cakephp/cakephp/src/Console/CommandRunner.php(141): Cake\Console\Shell->runCommand(Array, true)
#16 /opt/lampp/htdocs/CakePHP3.5-Session/cms/bin/cake.php(12): Cake\Console\CommandRunner->run(Array)
#17 {main}


2018-03-31 15:10:05 Error: [PDOException] SQLSTATE[HY000] [1045] Access denied for user 'my_app'@'localhost' (using password: YES) in /opt/lampp/htdocs/CakePHP3.5-Session/cms/vendor/cakephp/cakephp/src/Database/Driver/PDODriverTrait.php on line 48
Stack Trace:
#0 /opt/lampp/htdocs/CakePHP3.5-Session/cms/vendor/cakephp/cakephp/src/Database/Driver/PDODriverTrait.php(48): PDO->__construct('mysql:host=loca...', 'my_app', 'secret', Array)
#1 /opt/lampp/htdocs/CakePHP3.5-Session/cms/vendor/cakephp/cakephp/src/Database/Driver/Mysql.php(104): Cake\Database\Driver\Mysql->_connect('mysql:host=loca...', Array)
#2 /opt/lampp/htdocs/CakePHP3.5-Session/cms/vendor/cakephp/cakephp/src/Database/Schema/BaseSchema.php(45): Cake\Database\Driver\Mysql->connect()
#3 /opt/lampp/htdocs/CakePHP3.5-Session/cms/vendor/cakephp/cakephp/src/Database/Dialect/MysqlDialectTrait.php(63): Cake\Database\Schema\BaseSchema->__construct(Object(Cake\Database\Driver\Mysql))
#4 /opt/lampp/htdocs/CakePHP3.5-Session/cms/vendor/cakephp/cakephp/src/Database/Schema/Collection.php(52): Cake\Database\Driver\Mysql->schemaDialect()
#5 /opt/lampp/htdocs/CakePHP3.5-Session/cms/vendor/cakephp/cakephp/src/Database/Schema/CachedCollection.php(42): Cake\Database\Schema\Collection->__construct(Object(Cake\Database\Connection))
#6 /opt/lampp/htdocs/CakePHP3.5-Session/cms/vendor/cakephp/cakephp/src/Database/Connection.php(369): Cake\Database\Schema\CachedCollection->__construct(Object(Cake\Database\Connection), true)
#7 /opt/lampp/htdocs/CakePHP3.5-Session/cms/vendor/cakephp/cakephp/src/Database/Connection.php(388): Cake\Database\Connection->getSchemaCollection()
#8 /opt/lampp/htdocs/CakePHP3.5-Session/cms/vendor/cakephp/bake/src/Shell/Task/ModelTask.php(1034): Cake\Database\Connection->schemaCollection()
#9 /opt/lampp/htdocs/CakePHP3.5-Session/cms/vendor/cakephp/bake/src/Shell/Task/ModelTask.php(988): Bake\Shell\Task\ModelTask->_getAllTables()
#10 /opt/lampp/htdocs/CakePHP3.5-Session/cms/vendor/cakephp/bake/src/Shell/Task/ModelTask.php(1003): Bake\Shell\Task\ModelTask->listAll()
#11 /opt/lampp/htdocs/CakePHP3.5-Session/cms/vendor/cakephp/bake/src/Shell/Task/ControllerTask.php(258): Bake\Shell\Task\ModelTask->listUnskipped()
#12 /opt/lampp/htdocs/CakePHP3.5-Session/cms/vendor/cakephp/bake/src/Shell/Task/ControllerTask.php(61): Bake\Shell\Task\ControllerTask->listAll()
#13 /opt/lampp/htdocs/CakePHP3.5-Session/cms/vendor/cakephp/cakephp/src/Console/Shell.php(507): Bake\Shell\Task\ControllerTask->main()
#14 /opt/lampp/htdocs/CakePHP3.5-Session/cms/vendor/cakephp/cakephp/src/Console/Shell.php(500): Cake\Console\Shell->runCommand(Array, false, Array)
#15 /opt/lampp/htdocs/CakePHP3.5-Session/cms/vendor/cakephp/cakephp/src/Console/CommandRunner.php(141): Cake\Console\Shell->runCommand(Array, true)
#16 /opt/lampp/htdocs/CakePHP3.5-Session/cms/bin/cake.php(12): Cake\Console\CommandRunner->run(Array)
#17 {main}


2018-03-31 15:10:13 Error: [PDOException] SQLSTATE[HY000] [1045] Access denied for user 'my_app'@'localhost' (using password: YES) in /opt/lampp/htdocs/CakePHP3.5-Session/cms/vendor/cakephp/cakephp/src/Database/Driver/PDODriverTrait.php on line 48
Stack Trace:
#0 /opt/lampp/htdocs/CakePHP3.5-Session/cms/vendor/cakephp/cakephp/src/Database/Driver/PDODriverTrait.php(48): PDO->__construct('mysql:host=loca...', 'my_app', 'secret', Array)
#1 /opt/lampp/htdocs/CakePHP3.5-Session/cms/vendor/cakephp/cakephp/src/Database/Driver/Mysql.php(104): Cake\Database\Driver\Mysql->_connect('mysql:host=loca...', Array)
#2 /opt/lampp/htdocs/CakePHP3.5-Session/cms/vendor/cakephp/cakephp/src/Database/Schema/BaseSchema.php(45): Cake\Database\Driver\Mysql->connect()
#3 /opt/lampp/htdocs/CakePHP3.5-Session/cms/vendor/cakephp/cakephp/src/Database/Dialect/MysqlDialectTrait.php(63): Cake\Database\Schema\BaseSchema->__construct(Object(Cake\Database\Driver\Mysql))
#4 /opt/lampp/htdocs/CakePHP3.5-Session/cms/vendor/cakephp/cakephp/src/Database/Schema/Collection.php(52): Cake\Database\Driver\Mysql->schemaDialect()
#5 /opt/lampp/htdocs/CakePHP3.5-Session/cms/vendor/cakephp/cakephp/src/Database/Schema/CachedCollection.php(42): Cake\Database\Schema\Collection->__construct(Object(Cake\Database\Connection))
#6 /opt/lampp/htdocs/CakePHP3.5-Session/cms/vendor/cakephp/cakephp/src/Database/Connection.php(369): Cake\Database\Schema\CachedCollection->__construct(Object(Cake\Database\Connection), true)
#7 /opt/lampp/htdocs/CakePHP3.5-Session/cms/vendor/cakephp/cakephp/src/Database/Connection.php(388): Cake\Database\Connection->getSchemaCollection()
#8 /opt/lampp/htdocs/CakePHP3.5-Session/cms/vendor/cakephp/bake/src/Shell/Task/ModelTask.php(1034): Cake\Database\Connection->schemaCollection()
#9 /opt/lampp/htdocs/CakePHP3.5-Session/cms/vendor/cakephp/bake/src/Shell/Task/ModelTask.php(988): Bake\Shell\Task\ModelTask->_getAllTables()
#10 /opt/lampp/htdocs/CakePHP3.5-Session/cms/vendor/cakephp/bake/src/Shell/Task/ModelTask.php(1003): Bake\Shell\Task\ModelTask->listAll()
#11 /opt/lampp/htdocs/CakePHP3.5-Session/cms/vendor/cakephp/bake/src/Shell/BakeShell.php(251): Bake\Shell\Task\ModelTask->listUnskipped()
#12 /opt/lampp/htdocs/CakePHP3.5-Session/cms/vendor/cakephp/cakephp/src/Console/Shell.php(493): Bake\Shell\BakeShell->all()
#13 /opt/lampp/htdocs/CakePHP3.5-Session/cms/vendor/cakephp/cakephp/src/Console/CommandRunner.php(141): Cake\Console\Shell->runCommand(Array, true)
#14 /opt/lampp/htdocs/CakePHP3.5-Session/cms/bin/cake.php(12): Cake\Console\CommandRunner->run(Array)
#15 {main}


